[debug] [2021-11-14T09:57:51.487Z] ----------------------------------------------------------------------
[debug] [2021-11-14T09:57:51.489Z] Command:       /usr/local/bin/node /usr/local/bin/firebase deploy --project hackathon2021-332010
[debug] [2021-11-14T09:57:51.489Z] CLI Version:   9.22.0
[debug] [2021-11-14T09:57:51.489Z] Platform:      darwin
[debug] [2021-11-14T09:57:51.489Z] Node Version:  v14.17.6
[debug] [2021-11-14T09:57:51.491Z] Time:          Sun Nov 14 2021 11:57:51 GMT+0200 (Eastern European Standard Time)
[debug] [2021-11-14T09:57:51.491Z] ----------------------------------------------------------------------
[debug] 
[debug] [2021-11-14T09:57:51.538Z] > command requires scopes: ["email","openid","https://www.googleapis.com/auth/cloudplatformprojects.readonly","https://www.googleapis.com/auth/firebase","https://www.googleapis.com/auth/cloud-platform"]
[debug] [2021-11-14T09:57:51.539Z] > authorizing via signed-in user (testaswebsite@gmail.com)
[debug] [2021-11-14T09:57:51.539Z] [iam] checking project hackathon2021-332010 for permissions ["firebase.projects.get","firebasehosting.sites.update"]
[debug] [2021-11-14T09:57:51.540Z] > refreshing access token with scopes: ["email","https://www.googleapis.com/auth/cloud-platform","https://www.googleapis.com/auth/cloudplatformprojects.readonly","https://www.googleapis.com/auth/firebase","openid"]
[debug] [2021-11-14T09:57:51.541Z] >>> HTTP REQUEST POST https://www.googleapis.com/oauth2/v3/token  
 <request body omitted>
[debug] [2021-11-14T09:57:51.647Z] <<< HTTP RESPONSE 200 {"expires":"Mon, 01 Jan 1990 00:00:00 GMT","cache-control":"no-cache, no-store, max-age=0, must-revalidate","date":"Sun, 14 Nov 2021 09:57:51 GMT","pragma":"no-cache","content-type":"application/json; charset=utf-8","vary":"X-Origin, Referer, Origin,Accept-Encoding","server":"scaffolding on HTTPServer2","x-xss-protection":"0","x-frame-options":"SAMEORIGIN","x-content-type-options":"nosniff","alt-svc":"clear","accept-ranges":"none","transfer-encoding":"chunked"}
[debug] [2021-11-14T09:57:51.696Z] >>> HTTP REQUEST POST https://cloudresourcemanager.googleapis.com/v1/projects/hackathon2021-332010:testIamPermissions  
 {"permissions":["firebase.projects.get","firebasehosting.sites.update"]}
[debug] [2021-11-14T09:57:52.545Z] <<< HTTP RESPONSE 200 {"content-type":"application/json; charset=UTF-8","vary":"X-Origin, Referer, Origin,Accept-Encoding","date":"Sun, 14 Nov 2021 09:57:52 GMT","server":"ESF","cache-control":"private","x-xss-protection":"0","x-frame-options":"SAMEORIGIN","x-content-type-options":"nosniff","server-timing":"gfet4t7; dur=772","alt-svc":"clear","accept-ranges":"none","transfer-encoding":"chunked"}
[debug] [2021-11-14T09:57:52.547Z] [iam] error while checking permissions, command may fail: FirebaseError: Authorization failed. This account is missing the following required permissions on project hackathon2021-332010:

  firebase.projects.get
  firebasehosting.sites.update
[debug] [2021-11-14T09:57:52.549Z] > refreshing access token with scopes: []
[debug] [2021-11-14T09:57:52.549Z] >>> HTTP REQUEST POST https://www.googleapis.com/oauth2/v3/token  
 <request body omitted>
[debug] [2021-11-14T09:57:52.641Z] <<< HTTP RESPONSE 200 {"date":"Sun, 14 Nov 2021 09:57:52 GMT","cache-control":"no-cache, no-store, max-age=0, must-revalidate","pragma":"no-cache","expires":"Mon, 01 Jan 1990 00:00:00 GMT","content-type":"application/json; charset=utf-8","vary":"X-Origin, Referer, Origin,Accept-Encoding","server":"scaffolding on HTTPServer2","x-xss-protection":"0","x-frame-options":"SAMEORIGIN","x-content-type-options":"nosniff","alt-svc":"clear","accept-ranges":"none","transfer-encoding":"chunked"}
[debug] [2021-11-14T09:57:52.713Z] >>> [apiv2][query] GET https://firebase.googleapis.com/v1beta1/projects/hackathon2021-332010 [none]
[debug] [2021-11-14T09:57:53.032Z] <<< [apiv2][status] GET https://firebase.googleapis.com/v1beta1/projects/hackathon2021-332010 403
[debug] [2021-11-14T09:57:53.032Z] <<< [apiv2][body] GET https://firebase.googleapis.com/v1beta1/projects/hackathon2021-332010 {"error":{"code":403,"message":"The caller does not have permission","status":"PERMISSION_DENIED"}}
[debug] [2021-11-14T09:57:53.033Z] HTTP Error: 403, The caller does not have permission
[debug] [2021-11-14T09:57:53.034Z] FirebaseError: HTTP Error: 403, The caller does not have permission
    at module.exports (/usr/local/lib/node_modules/firebase-tools/lib/responseToError.js:38:12)
    at Client.doRequest (/usr/local/lib/node_modules/firebase-tools/lib/apiv2.js:241:23)
    at processTicksAndRejections (internal/process/task_queues.js:95:5)
    at async Client.request (/usr/local/lib/node_modules/firebase-tools/lib/apiv2.js:96:20)
    at async Object.getFirebaseProject (/usr/local/lib/node_modules/firebase-tools/lib/management/projects.js:290:21)
    at async Object.getDefaultHostingSite (/usr/local/lib/node_modules/firebase-tools/lib/getDefaultHostingSite.js:8:21)
    at async requireHostingSite (/usr/local/lib/node_modules/firebase-tools/lib/requireHostingSite.js:9:18)
    at async Object.fn (/usr/local/lib/node_modules/firebase-tools/lib/commands/deploy.js:73:9)
    at async /usr/local/lib/node_modules/firebase-tools/lib/command.js:188:17
[error] 
[error] Error: Failed to get Firebase project hackathon2021-332010. Please make sure the project exists and your account has permission to access it.
